<?xml version="1.0" encoding="UTF-8"?>
<!-- Generated by org.testng.reporters.JUnitReportReporter -->
<testsuite hostname="DESKTOP-V5QG60J" failures="0" tests="1" name="Automation_Payload.UsingTestNG" time="2.249" errors="0" timestamp="2021-07-13T16:01:19 IST" skipped="0">
  <testcase classname="Automation_Payload.UsingTestNG" name="SumOfValidatons" time="2.249"/>
  <system-out/>
</testsuite> <!-- Automation_Payload.UsingTestNG -->
