<?xml version="1.0" encoding="UTF-8"?>
<!-- Generated by org.testng.reporters.JUnitReportReporter -->
<testsuite hostname="DESKTOP-V5QG60J" failures="0" tests="1" name="HalloClub.JwtToken" time="4.998" errors="0" timestamp="2021-08-08T13:09:21 IST" skipped="0">
  <testcase classname="HalloClub.JwtToken" name="JwtTokenhandle" time="4.998"/>
  <system-out/>
</testsuite> <!-- HalloClub.JwtToken -->
