<?xml version="1.0" encoding="UTF-8"?>
<!-- Generated by org.testng.reporters.JUnitReportReporter -->
<testsuite hostname="DESKTOP-V5QG60J" failures="0" tests="2" name="Automation_Payload.Book_Api" time="6.943" errors="0" timestamp="2021-07-19T12:28:47 IST" skipped="0">
  <testcase classname="Automation_Payload.Book_Api" name="Library_Api" time="0.298"/>
  <system-out/>
  <testcase classname="Automation_Payload.Book_Api" name="Library_Api" time="6.645"/>
  <system-out/>
</testsuite> <!-- Automation_Payload.Book_Api -->
