<?xml version="1.0" encoding="UTF-8"?>
<!-- Generated by org.testng.reporters.JUnitReportReporter -->
<testsuite hostname="DESKTOP-V5QG60J" failures="0" tests="1" name="Hallo_Club_Apis_Automation.RegisterApi" time="10.666" errors="0" timestamp="2021-08-09T14:11:44 IST" skipped="0">
  <testcase classname="Hallo_Club_Apis_Automation.RegisterApi" name="Register" time="10.666"/>
  <system-out/>
</testsuite> <!-- Hallo_Club_Apis_Automation.RegisterApi -->
